<?xml version="1.0" encoding="UTF-8"?>
<testsuite name="com.ohgiraffers.section02.crud.EntityMangerCRUDTests" tests="1" skipped="0" failures="0" errors="0" timestamp="2024-04-15T04:14:37" hostname="DESKTOP-F4BC13L" time="1.707">
  <properties/>
  <testcase name="[1] 1, 변경된 이름" classname="com.ohgiraffers.section02.crud.EntityMangerCRUDTests" time="1.707"/>
  <system-out><![CDATA[Hibernate: 
    select
        m1_0.menu_code,
        m1_0.category_code,
        m1_0.menu_name,
        m1_0.menu_price,
        m1_0.orderable_status 
    from
        tbl_menu m1_0 
    where
        m1_0.menu_code=?
]]></system-out>
  <system-err><![CDATA[4월 15, 2024 1:14:37 오후 org.hibernate.jpa.internal.util.LogHelper logPersistenceUnitInformation
INFO: HHH000204: Processing PersistenceUnitInfo [name: jpatest]
4월 15, 2024 1:14:37 오후 org.hibernate.Version logVersion
INFO: HHH000412: Hibernate ORM core version 6.3.1.Final
4월 15, 2024 1:14:37 오후 org.hibernate.cache.internal.RegionFactoryInitiator initiateService
INFO: HHH000026: Second-level cache disabled
4월 15, 2024 1:14:37 오후 org.hibernate.engine.jdbc.connections.internal.DriverManagerConnectionProviderImpl configure
WARN: HHH10001002: Using built-in connection pool (not intended for production use)
4월 15, 2024 1:14:37 오후 org.hibernate.engine.jdbc.connections.internal.DriverManagerConnectionProviderImpl buildCreator
INFO: HHH10001005: Loaded JDBC driver class: com.mysql.cj.jdbc.Driver
4월 15, 2024 1:14:37 오후 org.hibernate.engine.jdbc.connections.internal.DriverManagerConnectionProviderImpl buildCreator
INFO: HHH10001012: Connecting with JDBC URL [jdbc:mysql://localhost:3306/menudb]
4월 15, 2024 1:14:37 오후 org.hibernate.engine.jdbc.connections.internal.DriverManagerConnectionProviderImpl buildCreator
INFO: HHH10001001: Connection properties: {password=****, user=ohgiraffers}
4월 15, 2024 1:14:37 오후 org.hibernate.engine.jdbc.connections.internal.DriverManagerConnectionProviderImpl buildCreator
INFO: HHH10001003: Autocommit mode: false
4월 15, 2024 1:14:37 오후 org.hibernate.engine.jdbc.connections.internal.DriverManagerConnectionProviderImpl$PooledConnections <init>
INFO: HHH10001115: Connection pool size: 20 (min=1)
4월 15, 2024 1:14:38 오후 org.hibernate.engine.transaction.jta.platform.internal.JtaPlatformInitiator initiateService
INFO: HHH000489: No JTA platform available (set 'hibernate.transaction.jta.platform' to enable JTA platform integration)
]]></system-err>
</testsuite>
